<?xml version="1.0" encoding="UTF-8"?>
<!-- Generated by org.testng.reporters.JUnitReportReporter -->
<testsuite hostname="DESKTOP-6VKIIHK" failures="0" tests="4" name="cucumberOptions.TestRunner" time="141.683" errors="0" timestamp="2020-04-17T00:00:29 IST" skipped="0">
  <testcase classname="cucumberOptions.TestRunner" name="runScenario" time="55.431"/>
  <system-out/>
  <testcase classname="cucumberOptions.TestRunner" name="runScenario" time="32.298"/>
  <system-out/>
  <testcase classname="cucumberOptions.TestRunner" name="runScenario" time="25.478"/>
  <system-out/>
  <testcase classname="cucumberOptions.TestRunner" name="runScenario" time="28.476"/>
  <system-out/>
</testsuite> <!-- cucumberOptions.TestRunner -->
